<?xml version="1.0" encoding="UTF-8"?>
<testsuite name="DrivableTraderTest" tests="2" skipped="0" failures="0" errors="0" timestamp="2023-05-31T19:16:09" hostname="Lulus-MacBook-Air-2.local" time="0.001">
  <properties/>
  <testcase name="TestGetSellingPriceVaryingSpeed" classname="DrivableTraderTest" time="0.001"/>
  <testcase name="TestGetSellingPrice" classname="DrivableTraderTest" time="0.0"/>
  <system-out><![CDATA[]]></system-out>
  <system-err><![CDATA[]]></system-err>
</testsuite>
