<?xml version="1.0" encoding="UTF-8"?>
<testsuite name="DrivableMapTest" tests="3" skipped="0" failures="0" errors="0" timestamp="2023-05-31T19:16:09" hostname="Lulus-MacBook-Air-2.local" time="0.004">
  <properties/>
  <testcase name="testGetTradable" classname="DrivableMapTest" time="0.004"/>
  <testcase name="testHasFasterThan" classname="DrivableMapTest" time="0.0"/>
  <testcase name="testAddDrivable" classname="DrivableMapTest" time="0.0"/>
  <system-out><![CDATA[]]></system-out>
  <system-err><![CDATA[]]></system-err>
</testsuite>
